2017-01-26 13:19:36 - PHP Notice:  Undefined index: guest in /home/www/demo-opencart.ru/public_html/catalog/controller/checkout/guest_shipping.php on line 84
2017-02-21 0:22:39 - PHP Notice:  Undefined index: required in /home/www/demo-opencart.ru/public_html/admin/controller/customer/custom_field.php on line 499
2017-05-18 9:45:46 - PHP Warning:  SessionHandler::write(): The session id is too long or contains illegal characters, valid characters are a-z, A-Z, 0-9 and '-,' in /home/www/demo-opencart.ru/public_html/system/library/session/native.php on line 21
2017-06-29 15:29:46 - PHP Notice:  Undefined index: country_id in /home/www/demo-opencart.ru/public_html/catalog/controller/extension/total/shipping.php on line 68
2017-06-29 15:29:46 - PHP Notice:  Undefined index: country_id in /home/www/demo-opencart.ru/public_html/catalog/controller/extension/total/shipping.php on line 78
2017-07-13 12:04:34 - PHP Warning:  Invalid argument supplied for foreach() in /home/www/demo-opencart.ru/public_html/system/library/cart/cart.php on line 50
2017-07-13 12:04:34 - PHP Warning:  Invalid argument supplied for foreach() in /home/www/demo-opencart.ru/public_html/system/library/cart/cart.php on line 50
2017-07-13 12:04:34 - PHP Warning:  Invalid argument supplied for foreach() in /home/www/demo-opencart.ru/public_html/system/library/cart/cart.php on line 50
2017-07-13 12:04:34 - PHP Warning:  Invalid argument supplied for foreach() in /home/www/demo-opencart.ru/public_html/system/library/cart/cart.php on line 50
2017-07-13 12:06:20 - PHP Warning:  Invalid argument supplied for foreach() in /home/www/demo-opencart.ru/public_html/system/library/cart/cart.php on line 50
2017-07-13 12:06:20 - PHP Warning:  Invalid argument supplied for foreach() in /home/www/demo-opencart.ru/public_html/system/library/cart/cart.php on line 50
2017-07-13 12:06:20 - PHP Warning:  Invalid argument supplied for foreach() in /home/www/demo-opencart.ru/public_html/system/library/cart/cart.php on line 50
2017-07-13 12:06:20 - PHP Warning:  Invalid argument supplied for foreach() in /home/www/demo-opencart.ru/public_html/system/library/cart/cart.php on line 50
2017-07-13 12:06:20 - PHP Warning:  Invalid argument supplied for foreach() in /home/www/demo-opencart.ru/public_html/system/library/cart/cart.php on line 50
2017-07-13 12:06:20 - PHP Warning:  Invalid argument supplied for foreach() in /home/www/demo-opencart.ru/public_html/system/library/cart/cart.php on line 50
2017-07-13 12:06:20 - PHP Warning:  Invalid argument supplied for foreach() in /home/www/demo-opencart.ru/public_html/system/library/cart/cart.php on line 50
2017-07-13 12:06:20 - PHP Warning:  Invalid argument supplied for foreach() in /home/www/demo-opencart.ru/public_html/system/library/cart/cart.php on line 50
2017-07-13 12:06:26 - PHP Warning:  Invalid argument supplied for foreach() in /home/www/demo-opencart.ru/public_html/system/library/cart/cart.php on line 50
2017-07-13 12:06:26 - PHP Warning:  Invalid argument supplied for foreach() in /home/www/demo-opencart.ru/public_html/system/library/cart/cart.php on line 50
2017-07-13 12:06:26 - PHP Warning:  Invalid argument supplied for foreach() in /home/www/demo-opencart.ru/public_html/system/library/cart/cart.php on line 50
2017-07-13 12:06:26 - PHP Warning:  Invalid argument supplied for foreach() in /home/www/demo-opencart.ru/public_html/system/library/cart/cart.php on line 50
2017-07-13 12:06:26 - PHP Warning:  Invalid argument supplied for foreach() in /home/www/demo-opencart.ru/public_html/system/library/cart/cart.php on line 50
2017-07-13 12:06:26 - PHP Warning:  Invalid argument supplied for foreach() in /home/www/demo-opencart.ru/public_html/system/library/cart/cart.php on line 50
2017-07-13 12:06:26 - PHP Warning:  Invalid argument supplied for foreach() in /home/www/demo-opencart.ru/public_html/system/library/cart/cart.php on line 50
2017-07-13 12:06:26 - PHP Warning:  Invalid argument supplied for foreach() in /home/www/demo-opencart.ru/public_html/system/library/cart/cart.php on line 50
2017-07-13 12:06:26 - PHP Warning:  Invalid argument supplied for foreach() in /home/www/demo-opencart.ru/public_html/system/library/cart/cart.php on line 50
2017-07-13 12:06:26 - PHP Warning:  Invalid argument supplied for foreach() in /home/www/demo-opencart.ru/public_html/system/library/cart/cart.php on line 50
2017-07-13 12:06:26 - PHP Warning:  Invalid argument supplied for foreach() in /home/www/demo-opencart.ru/public_html/system/library/cart/cart.php on line 50
2017-07-13 12:06:26 - PHP Warning:  Invalid argument supplied for foreach() in /home/www/demo-opencart.ru/public_html/system/library/cart/cart.php on line 50
2023-02-02 13:28:34 - PHP Warning:  mkdir(): Permission denied in /var/www/opencart/system/storage/modification/admin/controller/extension/installer.php on line 276
2023-02-02 13:28:34 - PHP Warning:  mkdir(): Permission denied in /var/www/opencart/system/storage/modification/admin/controller/extension/installer.php on line 276
2023-02-02 13:28:34 - PHP Warning:  copy(/var/www/opencart/admin//controller/sigmamsg/address_book.php): failed to open stream: No such file or directory in /var/www/opencart/system/storage/modification/admin/controller/extension/installer.php on line 283
2023-02-02 13:28:34 - PHP Warning:  copy(/var/www/opencart/admin//controller/sigmamsg/mass_sending.php): failed to open stream: No such file or directory in /var/www/opencart/system/storage/modification/admin/controller/extension/installer.php on line 283
2023-02-02 13:28:34 - PHP Warning:  copy(/var/www/opencart/admin//controller/sigmamsg/profile.php): failed to open stream: No such file or directory in /var/www/opencart/system/storage/modification/admin/controller/extension/installer.php on line 283
2023-02-02 13:28:34 - PHP Warning:  copy(/var/www/opencart/admin//controller/sigmamsg/reports.php): failed to open stream: No such file or directory in /var/www/opencart/system/storage/modification/admin/controller/extension/installer.php on line 283
2023-02-02 13:28:34 - PHP Warning:  copy(/var/www/opencart/admin//controller/sigmamsg/sending_by_events.php): failed to open stream: No such file or directory in /var/www/opencart/system/storage/modification/admin/controller/extension/installer.php on line 283
2023-02-02 13:28:34 - PHP Warning:  mkdir(): Permission denied in /var/www/opencart/system/storage/modification/admin/controller/extension/installer.php on line 276
2023-02-02 13:28:34 - PHP Warning:  mkdir(): Permission denied in /var/www/opencart/system/storage/modification/admin/controller/extension/installer.php on line 276
2023-02-02 13:28:34 - PHP Warning:  mkdir(): Permission denied in /var/www/opencart/system/storage/modification/admin/controller/extension/installer.php on line 276
2023-02-02 13:28:34 - PHP Warning:  mkdir(): Permission denied in /var/www/opencart/system/storage/modification/admin/controller/extension/installer.php on line 276
2023-02-02 13:28:34 - PHP Warning:  copy(/var/www/opencart/catalog//controller/sigmamsg/events.php): failed to open stream: No such file or directory in /var/www/opencart/system/storage/modification/admin/controller/extension/installer.php on line 283
2023-02-02 13:28:34 - PHP Warning:  copy(/var/www/opencart/admin//controller/extension/module/SigmaMsg.php): failed to open stream: Permission denied in /var/www/opencart/system/storage/modification/admin/controller/extension/installer.php on line 283
2023-02-02 13:28:34 - PHP Warning:  copy(/var/www/opencart/admin//view/image/sigmamsg/Logo.png): failed to open stream: No such file or directory in /var/www/opencart/system/storage/modification/admin/controller/extension/installer.php on line 283
2023-02-02 13:28:34 - PHP Warning:  copy(/var/www/opencart/admin//view/image/sigmamsg/purse.png): failed to open stream: No such file or directory in /var/www/opencart/system/storage/modification/admin/controller/extension/installer.php on line 283
2023-02-02 13:28:34 - PHP Warning:  copy(/var/www/opencart/admin//view/image/sigmamsg/sigma_menu-ico.png): failed to open stream: No such file or directory in /var/www/opencart/system/storage/modification/admin/controller/extension/installer.php on line 283
2023-02-02 13:28:34 - PHP Warning:  copy(/var/www/opencart/admin//view/image/sigmamsg/tinkoff-padding.svg): failed to open stream: No such file or directory in /var/www/opencart/system/storage/modification/admin/controller/extension/installer.php on line 283
2023-02-02 13:28:34 - PHP Warning:  mkdir(): No such file or directory in /var/www/opencart/system/storage/modification/admin/controller/extension/installer.php on line 276
2023-02-02 13:28:34 - PHP Warning:  copy(/var/www/opencart/admin//view/image/sigmamsg/viber_ico.svg): failed to open stream: No such file or directory in /var/www/opencart/system/storage/modification/admin/controller/extension/installer.php on line 283
2023-02-02 13:28:34 - PHP Warning:  copy(/var/www/opencart/admin//view/image/sigmamsg/yandex-padding.svg): failed to open stream: No such file or directory in /var/www/opencart/system/storage/modification/admin/controller/extension/installer.php on line 283
2023-02-02 13:28:34 - PHP Warning:  copy(/var/www/opencart/admin//view/javascript/sigmamsg/address_book.js): failed to open stream: No such file or directory in /var/www/opencart/system/storage/modification/admin/controller/extension/installer.php on line 283
2023-02-02 13:28:34 - PHP Warning:  mkdir(): No such file or directory in /var/www/opencart/system/storage/modification/admin/controller/extension/installer.php on line 276
2023-02-02 13:28:34 - PHP Warning:  mkdir(): No such file or directory in /var/www/opencart/system/storage/modification/admin/controller/extension/installer.php on line 276
2023-02-02 13:28:34 - PHP Warning:  mkdir(): No such file or directory in /var/www/opencart/system/storage/modification/admin/controller/extension/installer.php on line 276
2023-02-02 13:28:34 - PHP Warning:  copy(/var/www/opencart/admin//view/javascript/sigmamsg/mass_sending.js): failed to open stream: No such file or directory in /var/www/opencart/system/storage/modification/admin/controller/extension/installer.php on line 283
2023-02-02 13:28:34 - PHP Warning:  copy(/var/www/opencart/admin//view/javascript/sigmamsg/profile.js): failed to open stream: No such file or directory in /var/www/opencart/system/storage/modification/admin/controller/extension/installer.php on line 283
2023-02-02 13:28:34 - PHP Warning:  copy(/var/www/opencart/admin//view/javascript/sigmamsg/reports.js): failed to open stream: No such file or directory in /var/www/opencart/system/storage/modification/admin/controller/extension/installer.php on line 283
2023-02-02 13:28:34 - PHP Warning:  mkdir(): No such file or directory in /var/www/opencart/system/storage/modification/admin/controller/extension/installer.php on line 276
2023-02-02 13:28:34 - PHP Warning:  mkdir(): No such file or directory in /var/www/opencart/system/storage/modification/admin/controller/extension/installer.php on line 276
2023-02-02 13:28:34 - PHP Warning:  mkdir(): No such file or directory in /var/www/opencart/system/storage/modification/admin/controller/extension/installer.php on line 276
2023-02-02 13:28:34 - PHP Warning:  mkdir(): No such file or directory in /var/www/opencart/system/storage/modification/admin/controller/extension/installer.php on line 276
2023-02-02 13:28:34 - PHP Warning:  mkdir(): No such file or directory in /var/www/opencart/system/storage/modification/admin/controller/extension/installer.php on line 276
2023-02-02 13:28:34 - PHP Warning:  mkdir(): No such file or directory in /var/www/opencart/system/storage/modification/admin/controller/extension/installer.php on line 276
2023-02-02 13:28:34 - PHP Warning:  copy(/var/www/opencart/admin//view/stylesheet/sigmamsg/style.css): failed to open stream: No such file or directory in /var/www/opencart/system/storage/modification/admin/controller/extension/installer.php on line 283
2023-02-02 13:28:34 - PHP Warning:  copy(/var/www/opencart/admin//view/template/sigmamsg/address_book.tpl): failed to open stream: No such file or directory in /var/www/opencart/system/storage/modification/admin/controller/extension/installer.php on line 283
2023-02-02 13:28:34 - PHP Warning:  mkdir(): No such file or directory in /var/www/opencart/system/storage/modification/admin/controller/extension/installer.php on line 276
2023-02-02 13:28:34 - PHP Warning:  copy(/var/www/opencart/admin//view/template/sigmamsg/header.tpl): failed to open stream: No such file or directory in /var/www/opencart/system/storage/modification/admin/controller/extension/installer.php on line 283
2023-02-02 13:28:34 - PHP Warning:  copy(/var/www/opencart/admin//view/template/sigmamsg/mass_sending.tpl): failed to open stream: No such file or directory in /var/www/opencart/system/storage/modification/admin/controller/extension/installer.php on line 283
2023-02-02 13:28:34 - PHP Warning:  copy(/var/www/opencart/admin//view/template/sigmamsg/profile.tpl): failed to open stream: No such file or directory in /var/www/opencart/system/storage/modification/admin/controller/extension/installer.php on line 283
2023-02-02 13:28:34 - PHP Warning:  copy(/var/www/opencart/admin//view/template/sigmamsg/reports.tpl): failed to open stream: No such file or directory in /var/www/opencart/system/storage/modification/admin/controller/extension/installer.php on line 283
2023-02-02 13:28:34 - PHP Warning:  copy(/var/www/opencart/admin//view/template/sigmamsg/sending_by_events.tpl): failed to open stream: No such file or directory in /var/www/opencart/system/storage/modification/admin/controller/extension/installer.php on line 283
2023-02-02 13:28:34 - PHP Warning:  copy(/var/www/opencart/admin//language/en-gb/extension/module/SigmaMsg.php): failed to open stream: Permission denied in /var/www/opencart/system/storage/modification/admin/controller/extension/installer.php on line 283
2023-02-02 13:28:34 - PHP Warning:  copy(/var/www/opencart/admin//language/ru-ru/extension/module/SigmaMsg.php): failed to open stream: Permission denied in /var/www/opencart/system/storage/modification/admin/controller/extension/installer.php on line 283
2023-02-02 13:28:34 - PHP Warning:  copy(/var/www/opencart/admin//view/javascript/sigmamsg/common/add_user_modal.js): failed to open stream: No such file or directory in /var/www/opencart/system/storage/modification/admin/controller/extension/installer.php on line 283
2023-02-02 13:28:34 - PHP Warning:  copy(/var/www/opencart/admin//view/javascript/sigmamsg/common/customer_by_store_modal.js): failed to open stream: No such file or directory in /var/www/opencart/system/storage/modification/admin/controller/extension/installer.php on line 283
2023-02-02 13:28:34 - PHP Warning:  copy(/var/www/opencart/admin//view/javascript/sigmamsg/common/header.js): failed to open stream: No such file or directory in /var/www/opencart/system/storage/modification/admin/controller/extension/installer.php on line 283
2023-02-02 13:28:34 - PHP Warning:  copy(/var/www/opencart/admin//view/javascript/sigmamsg/datatables/datatables.min.js): failed to open stream: No such file or directory in /var/www/opencart/system/storage/modification/admin/controller/extension/installer.php on line 283
2023-02-02 13:28:34 - PHP Warning:  copy(/var/www/opencart/admin//view/javascript/sigmamsg/datepicker/daterangepicker.js): failed to open stream: No such file or directory in /var/www/opencart/system/storage/modification/admin/controller/extension/installer.php on line 283
2023-02-02 13:28:34 - PHP Warning:  copy(/var/www/opencart/admin//view/javascript/sigmamsg/datepicker/moment.min.js): failed to open stream: No such file or directory in /var/www/opencart/system/storage/modification/admin/controller/extension/installer.php on line 283
2023-02-02 13:28:34 - PHP Warning:  copy(/var/www/opencart/admin//view/javascript/sigmamsg/sending_by_events/api_functions.js): failed to open stream: No such file or directory in /var/www/opencart/system/storage/modification/admin/controller/extension/installer.php on line 283
2023-02-02 13:28:34 - PHP Warning:  copy(/var/www/opencart/admin//view/javascript/sigmamsg/sending_by_events/preview_msg.js): failed to open stream: No such file or directory in /var/www/opencart/system/storage/modification/admin/controller/extension/installer.php on line 283
2023-02-02 13:28:34 - PHP Warning:  copy(/var/www/opencart/admin//view/javascript/sigmamsg/sending_by_events/script.js): failed to open stream: No such file or directory in /var/www/opencart/system/storage/modification/admin/controller/extension/installer.php on line 283
2023-02-02 13:28:34 - PHP Warning:  copy(/var/www/opencart/admin//view/stylesheet/sigmamsg/bootstrap/bootstrap.min.css): failed to open stream: No such file or directory in /var/www/opencart/system/storage/modification/admin/controller/extension/installer.php on line 283
2023-02-02 13:28:34 - PHP Warning:  copy(/var/www/opencart/admin//view/stylesheet/sigmamsg/datatables/datatables.min.css): failed to open stream: No such file or directory in /var/www/opencart/system/storage/modification/admin/controller/extension/installer.php on line 283
2023-02-02 13:28:34 - PHP Warning:  copy(/var/www/opencart/admin//view/stylesheet/sigmamsg/datepicker/daterangepicker-bs2.css): failed to open stream: No such file or directory in /var/www/opencart/system/storage/modification/admin/controller/extension/installer.php on line 283
2023-02-02 13:28:34 - PHP Warning:  copy(/var/www/opencart/admin//view/stylesheet/sigmamsg/datepicker/daterangepicker-bs3.css): failed to open stream: No such file or directory in /var/www/opencart/system/storage/modification/admin/controller/extension/installer.php on line 283
2023-02-02 13:28:34 - PHP Warning:  copy(/var/www/opencart/admin//view/stylesheet/sigmamsg/fonts/glyphicons-halflings-regular.eot): failed to open stream: No such file or directory in /var/www/opencart/system/storage/modification/admin/controller/extension/installer.php on line 283
2023-02-02 13:28:34 - PHP Warning:  copy(/var/www/opencart/admin//view/stylesheet/sigmamsg/fonts/glyphicons-halflings-regular.svg): failed to open stream: No such file or directory in /var/www/opencart/system/storage/modification/admin/controller/extension/installer.php on line 283
2023-02-02 13:28:34 - PHP Warning:  copy(/var/www/opencart/admin//view/stylesheet/sigmamsg/fonts/glyphicons-halflings-regular.ttf): failed to open stream: No such file or directory in /var/www/opencart/system/storage/modification/admin/controller/extension/installer.php on line 283
2023-02-02 13:28:34 - PHP Warning:  copy(/var/www/opencart/admin//view/stylesheet/sigmamsg/fonts/glyphicons-halflings-regular.woff): failed to open stream: No such file or directory in /var/www/opencart/system/storage/modification/admin/controller/extension/installer.php on line 283
2023-02-02 13:28:34 - PHP Warning:  copy(/var/www/opencart/admin//view/stylesheet/sigmamsg/fonts/glyphicons-halflings-regular.woff2): failed to open stream: No such file or directory in /var/www/opencart/system/storage/modification/admin/controller/extension/installer.php on line 283
2023-02-02 13:28:34 - PHP Warning:  copy(/var/www/opencart/admin//view/stylesheet/sigmamsg/images/sort_asc.png): failed to open stream: No such file or directory in /var/www/opencart/system/storage/modification/admin/controller/extension/installer.php on line 283
2023-02-02 13:28:34 - PHP Warning:  copy(/var/www/opencart/admin//view/stylesheet/sigmamsg/images/sort_asc_disabled.png): failed to open stream: No such file or directory in /var/www/opencart/system/storage/modification/admin/controller/extension/installer.php on line 283
2023-02-02 13:28:34 - PHP Warning:  copy(/var/www/opencart/admin//view/stylesheet/sigmamsg/images/sort_both.png): failed to open stream: No such file or directory in /var/www/opencart/system/storage/modification/admin/controller/extension/installer.php on line 283
2023-02-02 13:28:34 - PHP Warning:  copy(/var/www/opencart/admin//view/stylesheet/sigmamsg/images/sort_desc.png): failed to open stream: No such file or directory in /var/www/opencart/system/storage/modification/admin/controller/extension/installer.php on line 283
2023-02-02 13:28:34 - PHP Warning:  copy(/var/www/opencart/admin//view/stylesheet/sigmamsg/images/sort_desc_disabled.png): failed to open stream: No such file or directory in /var/www/opencart/system/storage/modification/admin/controller/extension/installer.php on line 283
2023-02-02 13:28:34 - PHP Warning:  copy(/var/www/opencart/admin//view/template/sigmamsg/common/add_user_modal.tpl): failed to open stream: No such file or directory in /var/www/opencart/system/storage/modification/admin/controller/extension/installer.php on line 283
2023-02-02 13:28:34 - PHP Warning:  copy(/var/www/opencart/admin//view/template/sigmamsg/common/customer_by_store_modal.tpl): failed to open stream: No such file or directory in /var/www/opencart/system/storage/modification/admin/controller/extension/installer.php on line 283
2023-02-02 13:28:34 - PHP Warning:  copy(/var/www/opencart/admin//view/template/sigmamsg/common/header.tpl): failed to open stream: No such file or directory in /var/www/opencart/system/storage/modification/admin/controller/extension/installer.php on line 283
2023-02-02 13:41:23 - PHP Warning:  copy(/var/www/opencart/image//bal-loading.gif): failed to open stream: Permission denied in /var/www/opencart/system/storage/modification/admin/controller/extension/installer.php on line 283
2023-02-02 13:41:23 - PHP Warning:  copy(/var/www/opencart/catalog//view/javascript/bal_language.js): failed to open stream: Permission denied in /var/www/opencart/system/storage/modification/admin/controller/extension/installer.php on line 283
2023-02-02 13:41:23 - PHP Warning:  copy(/var/www/opencart/catalog//view/javascript/bal_loader.js): failed to open stream: Permission denied in /var/www/opencart/system/storage/modification/admin/controller/extension/installer.php on line 283
2023-02-02 13:41:23 - PHP Warning:  copy(/var/www/opencart/catalog//view/javascript/bal_style.css): failed to open stream: Permission denied in /var/www/opencart/system/storage/modification/admin/controller/extension/installer.php on line 283
2023-02-02 13:41:23 - PHP Warning:  copy(/var/www/opencart/catalog//view/javascript/jquery/jquery.autopager.js): failed to open stream: Permission denied in /var/www/opencart/system/storage/modification/admin/controller/extension/installer.php on line 283
2023-02-02 13:44:03 - PHP Warning:  copy(/var/www/opencart/admin//controller/extension/module/currencycourse.php): failed to open stream: Permission denied in /var/www/opencart/system/storage/modification/admin/controller/extension/installer.php on line 283
2023-02-02 13:44:03 - PHP Warning:  copy(/var/www/opencart/admin//language/en-gb/extension/module/currencycourse.php): failed to open stream: Permission denied in /var/www/opencart/system/storage/modification/admin/controller/extension/installer.php on line 283
2023-02-02 13:44:03 - PHP Warning:  copy(/var/www/opencart/admin//language/ru-ru/extension/module/currencycourse.php): failed to open stream: Permission denied in /var/www/opencart/system/storage/modification/admin/controller/extension/installer.php on line 283
2023-02-02 13:44:03 - PHP Warning:  copy(/var/www/opencart/admin//view/template/extension/module/currencycourse.tpl): failed to open stream: Permission denied in /var/www/opencart/system/storage/modification/admin/controller/extension/installer.php on line 283
2023-02-02 13:44:18 - PHP Warning:  copy(/var/www/opencart/admin//controller/extension/module/currencycourse.php): failed to open stream: Permission denied in /var/www/opencart/system/storage/modification/admin/controller/extension/installer.php on line 283
2023-02-02 13:44:18 - PHP Warning:  copy(/var/www/opencart/admin//language/en-gb/extension/module/currencycourse.php): failed to open stream: Permission denied in /var/www/opencart/system/storage/modification/admin/controller/extension/installer.php on line 283
2023-02-02 13:44:18 - PHP Warning:  copy(/var/www/opencart/admin//language/ru-ru/extension/module/currencycourse.php): failed to open stream: Permission denied in /var/www/opencart/system/storage/modification/admin/controller/extension/installer.php on line 283
2023-02-02 13:44:18 - PHP Warning:  copy(/var/www/opencart/admin//view/template/extension/module/currencycourse.twig): failed to open stream: Permission denied in /var/www/opencart/system/storage/modification/admin/controller/extension/installer.php on line 283
2023-02-02 13:45:10 - PHP Warning:  mkdir(): Permission denied in /var/www/opencart/system/storage/modification/admin/controller/extension/installer.php on line 276
2023-02-02 13:45:10 - PHP Warning:  mkdir(): Permission denied in /var/www/opencart/system/storage/modification/admin/controller/extension/installer.php on line 276
2023-02-02 13:45:10 - PHP Warning:  copy(/var/www/opencart/admin//controller/sigmamsg/address_book.php): failed to open stream: No such file or directory in /var/www/opencart/system/storage/modification/admin/controller/extension/installer.php on line 283
2023-02-02 13:45:10 - PHP Warning:  copy(/var/www/opencart/admin//controller/sigmamsg/mass_sending.php): failed to open stream: No such file or directory in /var/www/opencart/system/storage/modification/admin/controller/extension/installer.php on line 283
2023-02-02 13:45:10 - PHP Warning:  copy(/var/www/opencart/admin//controller/sigmamsg/profile.php): failed to open stream: No such file or directory in /var/www/opencart/system/storage/modification/admin/controller/extension/installer.php on line 283
2023-02-02 13:45:10 - PHP Warning:  copy(/var/www/opencart/admin//controller/sigmamsg/reports.php): failed to open stream: No such file or directory in /var/www/opencart/system/storage/modification/admin/controller/extension/installer.php on line 283
2023-02-02 13:45:10 - PHP Warning:  copy(/var/www/opencart/admin//controller/sigmamsg/sending_by_events.php): failed to open stream: No such file or directory in /var/www/opencart/system/storage/modification/admin/controller/extension/installer.php on line 283
2023-02-02 13:45:10 - PHP Warning:  mkdir(): Permission denied in /var/www/opencart/system/storage/modification/admin/controller/extension/installer.php on line 276
2023-02-02 13:45:10 - PHP Warning:  mkdir(): Permission denied in /var/www/opencart/system/storage/modification/admin/controller/extension/installer.php on line 276
2023-02-02 13:45:10 - PHP Warning:  mkdir(): Permission denied in /var/www/opencart/system/storage/modification/admin/controller/extension/installer.php on line 276
2023-02-02 13:45:10 - PHP Warning:  mkdir(): Permission denied in /var/www/opencart/system/storage/modification/admin/controller/extension/installer.php on line 276
2023-02-02 13:45:10 - PHP Warning:  copy(/var/www/opencart/catalog//controller/sigmamsg/events.php): failed to open stream: No such file or directory in /var/www/opencart/system/storage/modification/admin/controller/extension/installer.php on line 283
2023-02-02 13:45:10 - PHP Warning:  copy(/var/www/opencart/admin//controller/extension/module/SigmaMsg.php): failed to open stream: Permission denied in /var/www/opencart/system/storage/modification/admin/controller/extension/installer.php on line 283
2023-02-02 13:45:10 - PHP Warning:  copy(/var/www/opencart/admin//view/image/sigmamsg/Logo.png): failed to open stream: No such file or directory in /var/www/opencart/system/storage/modification/admin/controller/extension/installer.php on line 283
2023-02-02 13:45:10 - PHP Warning:  copy(/var/www/opencart/admin//view/image/sigmamsg/purse.png): failed to open stream: No such file or directory in /var/www/opencart/system/storage/modification/admin/controller/extension/installer.php on line 283
2023-02-02 13:45:10 - PHP Warning:  copy(/var/www/opencart/admin//view/image/sigmamsg/sigma_menu-ico.png): failed to open stream: No such file or directory in /var/www/opencart/system/storage/modification/admin/controller/extension/installer.php on line 283
2023-02-02 13:45:10 - PHP Warning:  copy(/var/www/opencart/admin//view/image/sigmamsg/tinkoff-padding.svg): failed to open stream: No such file or directory in /var/www/opencart/system/storage/modification/admin/controller/extension/installer.php on line 283
2023-02-02 13:45:10 - PHP Warning:  mkdir(): No such file or directory in /var/www/opencart/system/storage/modification/admin/controller/extension/installer.php on line 276
2023-02-02 13:45:10 - PHP Warning:  copy(/var/www/opencart/admin//view/image/sigmamsg/viber_ico.svg): failed to open stream: No such file or directory in /var/www/opencart/system/storage/modification/admin/controller/extension/installer.php on line 283
2023-02-02 13:45:10 - PHP Warning:  copy(/var/www/opencart/admin//view/image/sigmamsg/yandex-padding.svg): failed to open stream: No such file or directory in /var/www/opencart/system/storage/modification/admin/controller/extension/installer.php on line 283
2023-02-02 13:45:10 - PHP Warning:  copy(/var/www/opencart/admin//view/javascript/sigmamsg/address_book.js): failed to open stream: No such file or directory in /var/www/opencart/system/storage/modification/admin/controller/extension/installer.php on line 283
2023-02-02 13:45:10 - PHP Warning:  mkdir(): No such file or directory in /var/www/opencart/system/storage/modification/admin/controller/extension/installer.php on line 276
2023-02-02 13:45:10 - PHP Warning:  mkdir(): No such file or directory in /var/www/opencart/system/storage/modification/admin/controller/extension/installer.php on line 276
2023-02-02 13:45:10 - PHP Warning:  mkdir(): No such file or directory in /var/www/opencart/system/storage/modification/admin/controller/extension/installer.php on line 276
2023-02-02 13:45:10 - PHP Warning:  copy(/var/www/opencart/admin//view/javascript/sigmamsg/mass_sending.js): failed to open stream: No such file or directory in /var/www/opencart/system/storage/modification/admin/controller/extension/installer.php on line 283
2023-02-02 13:45:10 - PHP Warning:  copy(/var/www/opencart/admin//view/javascript/sigmamsg/profile.js): failed to open stream: No such file or directory in /var/www/opencart/system/storage/modification/admin/controller/extension/installer.php on line 283
2023-02-02 13:45:10 - PHP Warning:  copy(/var/www/opencart/admin//view/javascript/sigmamsg/reports.js): failed to open stream: No such file or directory in /var/www/opencart/system/storage/modification/admin/controller/extension/installer.php on line 283
2023-02-02 13:45:10 - PHP Warning:  mkdir(): No such file or directory in /var/www/opencart/system/storage/modification/admin/controller/extension/installer.php on line 276
2023-02-02 13:45:10 - PHP Warning:  mkdir(): No such file or directory in /var/www/opencart/system/storage/modification/admin/controller/extension/installer.php on line 276
2023-02-02 13:45:10 - PHP Warning:  mkdir(): No such file or directory in /var/www/opencart/system/storage/modification/admin/controller/extension/installer.php on line 276
2023-02-02 13:45:10 - PHP Warning:  mkdir(): No such file or directory in /var/www/opencart/system/storage/modification/admin/controller/extension/installer.php on line 276
2023-02-02 13:45:10 - PHP Warning:  mkdir(): No such file or directory in /var/www/opencart/system/storage/modification/admin/controller/extension/installer.php on line 276
2023-02-02 13:45:10 - PHP Warning:  mkdir(): No such file or directory in /var/www/opencart/system/storage/modification/admin/controller/extension/installer.php on line 276
2023-02-02 13:45:10 - PHP Warning:  copy(/var/www/opencart/admin//view/stylesheet/sigmamsg/style.css): failed to open stream: No such file or directory in /var/www/opencart/system/storage/modification/admin/controller/extension/installer.php on line 283
2023-02-02 13:45:10 - PHP Warning:  copy(/var/www/opencart/admin//view/template/sigmamsg/address_book.tpl): failed to open stream: No such file or directory in /var/www/opencart/system/storage/modification/admin/controller/extension/installer.php on line 283
2023-02-02 13:45:10 - PHP Warning:  mkdir(): No such file or directory in /var/www/opencart/system/storage/modification/admin/controller/extension/installer.php on line 276
2023-02-02 13:45:10 - PHP Warning:  copy(/var/www/opencart/admin//view/template/sigmamsg/header.tpl): failed to open stream: No such file or directory in /var/www/opencart/system/storage/modification/admin/controller/extension/installer.php on line 283
2023-02-02 13:45:10 - PHP Warning:  copy(/var/www/opencart/admin//view/template/sigmamsg/mass_sending.tpl): failed to open stream: No such file or directory in /var/www/opencart/system/storage/modification/admin/controller/extension/installer.php on line 283
2023-02-02 13:45:10 - PHP Warning:  copy(/var/www/opencart/admin//view/template/sigmamsg/profile.tpl): failed to open stream: No such file or directory in /var/www/opencart/system/storage/modification/admin/controller/extension/installer.php on line 283
2023-02-02 13:45:10 - PHP Warning:  copy(/var/www/opencart/admin//view/template/sigmamsg/reports.tpl): failed to open stream: No such file or directory in /var/www/opencart/system/storage/modification/admin/controller/extension/installer.php on line 283
2023-02-02 13:45:10 - PHP Warning:  copy(/var/www/opencart/admin//view/template/sigmamsg/sending_by_events.tpl): failed to open stream: No such file or directory in /var/www/opencart/system/storage/modification/admin/controller/extension/installer.php on line 283
2023-02-02 13:45:10 - PHP Warning:  copy(/var/www/opencart/admin//language/en-gb/extension/module/SigmaMsg.php): failed to open stream: Permission denied in /var/www/opencart/system/storage/modification/admin/controller/extension/installer.php on line 283
2023-02-02 13:45:10 - PHP Warning:  copy(/var/www/opencart/admin//language/ru-ru/extension/module/SigmaMsg.php): failed to open stream: Permission denied in /var/www/opencart/system/storage/modification/admin/controller/extension/installer.php on line 283
2023-02-02 13:45:10 - PHP Warning:  copy(/var/www/opencart/admin//view/javascript/sigmamsg/common/add_user_modal.js): failed to open stream: No such file or directory in /var/www/opencart/system/storage/modification/admin/controller/extension/installer.php on line 283
2023-02-02 13:45:10 - PHP Warning:  copy(/var/www/opencart/admin//view/javascript/sigmamsg/common/customer_by_store_modal.js): failed to open stream: No such file or directory in /var/www/opencart/system/storage/modification/admin/controller/extension/installer.php on line 283
2023-02-02 13:45:10 - PHP Warning:  copy(/var/www/opencart/admin//view/javascript/sigmamsg/common/header.js): failed to open stream: No such file or directory in /var/www/opencart/system/storage/modification/admin/controller/extension/installer.php on line 283
2023-02-02 13:45:10 - PHP Warning:  copy(/var/www/opencart/admin//view/javascript/sigmamsg/datatables/datatables.min.js): failed to open stream: No such file or directory in /var/www/opencart/system/storage/modification/admin/controller/extension/installer.php on line 283
2023-02-02 13:45:10 - PHP Warning:  copy(/var/www/opencart/admin//view/javascript/sigmamsg/datepicker/daterangepicker.js): failed to open stream: No such file or directory in /var/www/opencart/system/storage/modification/admin/controller/extension/installer.php on line 283
2023-02-02 13:45:10 - PHP Warning:  copy(/var/www/opencart/admin//view/javascript/sigmamsg/datepicker/moment.min.js): failed to open stream: No such file or directory in /var/www/opencart/system/storage/modification/admin/controller/extension/installer.php on line 283
2023-02-02 13:45:10 - PHP Warning:  copy(/var/www/opencart/admin//view/javascript/sigmamsg/sending_by_events/api_functions.js): failed to open stream: No such file or directory in /var/www/opencart/system/storage/modification/admin/controller/extension/installer.php on line 283
2023-02-02 13:45:10 - PHP Warning:  copy(/var/www/opencart/admin//view/javascript/sigmamsg/sending_by_events/preview_msg.js): failed to open stream: No such file or directory in /var/www/opencart/system/storage/modification/admin/controller/extension/installer.php on line 283
2023-02-02 13:45:10 - PHP Warning:  copy(/var/www/opencart/admin//view/javascript/sigmamsg/sending_by_events/script.js): failed to open stream: No such file or directory in /var/www/opencart/system/storage/modification/admin/controller/extension/installer.php on line 283
2023-02-02 13:45:10 - PHP Warning:  copy(/var/www/opencart/admin//view/stylesheet/sigmamsg/bootstrap/bootstrap.min.css): failed to open stream: No such file or directory in /var/www/opencart/system/storage/modification/admin/controller/extension/installer.php on line 283
2023-02-02 13:45:10 - PHP Warning:  copy(/var/www/opencart/admin//view/stylesheet/sigmamsg/datatables/datatables.min.css): failed to open stream: No such file or directory in /var/www/opencart/system/storage/modification/admin/controller/extension/installer.php on line 283
2023-02-02 13:45:10 - PHP Warning:  copy(/var/www/opencart/admin//view/stylesheet/sigmamsg/datepicker/daterangepicker-bs2.css): failed to open stream: No such file or directory in /var/www/opencart/system/storage/modification/admin/controller/extension/installer.php on line 283
2023-02-02 13:45:10 - PHP Warning:  copy(/var/www/opencart/admin//view/stylesheet/sigmamsg/datepicker/daterangepicker-bs3.css): failed to open stream: No such file or directory in /var/www/opencart/system/storage/modification/admin/controller/extension/installer.php on line 283
2023-02-02 13:45:10 - PHP Warning:  copy(/var/www/opencart/admin//view/stylesheet/sigmamsg/fonts/glyphicons-halflings-regular.eot): failed to open stream: No such file or directory in /var/www/opencart/system/storage/modification/admin/controller/extension/installer.php on line 283
2023-02-02 13:45:10 - PHP Warning:  copy(/var/www/opencart/admin//view/stylesheet/sigmamsg/fonts/glyphicons-halflings-regular.svg): failed to open stream: No such file or directory in /var/www/opencart/system/storage/modification/admin/controller/extension/installer.php on line 283
2023-02-02 13:45:10 - PHP Warning:  copy(/var/www/opencart/admin//view/stylesheet/sigmamsg/fonts/glyphicons-halflings-regular.ttf): failed to open stream: No such file or directory in /var/www/opencart/system/storage/modification/admin/controller/extension/installer.php on line 283
2023-02-02 13:45:10 - PHP Warning:  copy(/var/www/opencart/admin//view/stylesheet/sigmamsg/fonts/glyphicons-halflings-regular.woff): failed to open stream: No such file or directory in /var/www/opencart/system/storage/modification/admin/controller/extension/installer.php on line 283
2023-02-02 13:45:10 - PHP Warning:  copy(/var/www/opencart/admin//view/stylesheet/sigmamsg/fonts/glyphicons-halflings-regular.woff2): failed to open stream: No such file or directory in /var/www/opencart/system/storage/modification/admin/controller/extension/installer.php on line 283
2023-02-02 13:45:10 - PHP Warning:  copy(/var/www/opencart/admin//view/stylesheet/sigmamsg/images/sort_asc.png): failed to open stream: No such file or directory in /var/www/opencart/system/storage/modification/admin/controller/extension/installer.php on line 283
2023-02-02 13:45:10 - PHP Warning:  copy(/var/www/opencart/admin//view/stylesheet/sigmamsg/images/sort_asc_disabled.png): failed to open stream: No such file or directory in /var/www/opencart/system/storage/modification/admin/controller/extension/installer.php on line 283
2023-02-02 13:45:10 - PHP Warning:  copy(/var/www/opencart/admin//view/stylesheet/sigmamsg/images/sort_both.png): failed to open stream: No such file or directory in /var/www/opencart/system/storage/modification/admin/controller/extension/installer.php on line 283
2023-02-02 13:45:10 - PHP Warning:  copy(/var/www/opencart/admin//view/stylesheet/sigmamsg/images/sort_desc.png): failed to open stream: No such file or directory in /var/www/opencart/system/storage/modification/admin/controller/extension/installer.php on line 283
2023-02-02 13:45:10 - PHP Warning:  copy(/var/www/opencart/admin//view/stylesheet/sigmamsg/images/sort_desc_disabled.png): failed to open stream: No such file or directory in /var/www/opencart/system/storage/modification/admin/controller/extension/installer.php on line 283
2023-02-02 13:45:10 - PHP Warning:  copy(/var/www/opencart/admin//view/template/sigmamsg/common/add_user_modal.tpl): failed to open stream: No such file or directory in /var/www/opencart/system/storage/modification/admin/controller/extension/installer.php on line 283
2023-02-02 13:45:10 - PHP Warning:  copy(/var/www/opencart/admin//view/template/sigmamsg/common/customer_by_store_modal.tpl): failed to open stream: No such file or directory in /var/www/opencart/system/storage/modification/admin/controller/extension/installer.php on line 283
2023-02-02 13:45:10 - PHP Warning:  copy(/var/www/opencart/admin//view/template/sigmamsg/common/header.tpl): failed to open stream: No such file or directory in /var/www/opencart/system/storage/modification/admin/controller/extension/installer.php on line 283
2023-02-02 13:48:52 - PHP Warning:  copy(/var/www/opencart/image//bal-loading.gif): failed to open stream: Permission denied in /var/www/opencart/system/storage/modification/admin/controller/extension/installer.php on line 283
2023-02-02 13:48:52 - PHP Warning:  copy(/var/www/opencart/catalog//view/javascript/bal_language.js): failed to open stream: Permission denied in /var/www/opencart/system/storage/modification/admin/controller/extension/installer.php on line 283
2023-02-02 13:48:52 - PHP Warning:  copy(/var/www/opencart/catalog//view/javascript/bal_loader.js): failed to open stream: Permission denied in /var/www/opencart/system/storage/modification/admin/controller/extension/installer.php on line 283
2023-02-02 13:48:52 - PHP Warning:  copy(/var/www/opencart/catalog//view/javascript/bal_style.css): failed to open stream: Permission denied in /var/www/opencart/system/storage/modification/admin/controller/extension/installer.php on line 283
2023-02-02 13:48:52 - PHP Warning:  copy(/var/www/opencart/catalog//view/javascript/jquery/jquery.autopager.js): failed to open stream: Permission denied in /var/www/opencart/system/storage/modification/admin/controller/extension/installer.php on line 283
